Started GET "/" for 127.0.0.1 at 2020-05-19 21:03:39 +0300
Processing by GameController#show as HTML
  Rendering game/show.html.erb within layouts/application
  Rendered game/show.html.erb within layouts/application (6.3ms)
Completed 200 OK in 1802ms (Views: 1794.7ms | ActiveRecord: 0.0ms)


Started GET "/" for 127.0.0.1 at 2020-05-19 21:13:23 +0300
Processing by GameController#show as HTML
  Rendering game/show.html.erb within layouts/application
  Rendered game/show.html.erb within layouts/application (3.4ms)
Completed 200 OK in 40ms (Views: 38.0ms | ActiveRecord: 0.0ms)


Started GET "/" for 127.0.0.1 at 2020-05-19 21:13:28 +0300
Processing by GameController#show as HTML
  Rendering game/show.html.erb within layouts/application
  Rendered game/show.html.erb within layouts/application (5.3ms)
Completed 200 OK in 83ms (Views: 80.1ms | ActiveRecord: 0.0ms)


Started GET "/" for 127.0.0.1 at 2020-05-20 20:05:33 +0300
Processing by GameController#show as HTML
  Rendering game/show.html.erb within layouts/application
  Rendered game/show.html.erb within layouts/application (4.6ms)
Completed 200 OK in 2091ms (Views: 2082.8ms | ActiveRecord: 0.0ms)


Started GET "/" for 127.0.0.1 at 2020-05-20 20:47:38 +0300
Started GET "/" for 127.0.0.1 at 2020-05-20 20:47:38 +0300
Processing by GameController#show as HTML
Processing by GameController#show as HTML
  Rendering game/show.html.erb within layouts/application
  Rendering game/show.html.erb within layouts/application
  Rendered game/show.html.erb within layouts/application (8.3ms)
  Rendered game/show.html.erb within layouts/application (7.0ms)
Completed 200 OK in 82ms (Views: 74.2ms | ActiveRecord: 0.0ms)


Completed 200 OK in 79ms (Views: 71.1ms | ActiveRecord: 0.0ms)


Started GET "/" for 127.0.0.1 at 2020-05-20 20:47:45 +0300
Processing by GameController#show as HTML
Started GET "/" for 127.0.0.1 at 2020-05-20 20:47:45 +0300
  Rendering game/show.html.erb within layouts/application
Processing by GameController#show as HTML
  Rendering game/show.html.erb within layouts/application
  Rendered game/show.html.erb within layouts/application (9.1ms)
  Rendered game/show.html.erb within layouts/application (10.8ms)
Completed 200 OK in 80ms (Views: 77.9ms | ActiveRecord: 0.0ms)


Completed 200 OK in 104ms (Views: 102.3ms | ActiveRecord: 0.0ms)


